Warning: Section [DefaultInstall] key "AddReg" - there are no section entries to process
Warning: Section [DestinationDirs] key "Files.SH3" is not a valid file list
Warning: Section [DestinationDirs] key "Files.MIPS" is not a valid file list
Warning: Section [DestinationDirs] key "Files.X86" is not a valid file list
Warning: Section [DefaultInstall] key "AddReg" - there are no section entries to process
Warning: Section [DefaultInstall] key "AddReg" - there are no section entries to process
Warning: Section [DestinationDirs] key "Files.ARM" is not a valid file list
Warning: Section [DestinationDirs] key "Files.MIPS" is not a valid file list
Warning: Section [DestinationDirs] key "Files.X86" is not a valid file list
Warning: Section [DefaultInstall] key "AddReg" - there are no section entries to process
Warning: Section [DefaultInstall] key "AddReg" - there are no section entries to process
Warning: Section [DestinationDirs] key "Files.ARM" is not a valid file list
Warning: Section [DestinationDirs] key "Files.SH3" is not a valid file list
Warning: Section [DestinationDirs] key "Files.X86" is not a valid file list
Warning: Section [DefaultInstall] key "AddReg" - there are no section entries to process
Warning: Section [DefaultInstall] key "AddReg" - there are no section entries to process
Warning: Section [DestinationDirs] key "Files.ARM" is not a valid file list
Warning: Section [DestinationDirs] key "Files.SH3" is not a valid file list
Warning: Section [DestinationDirs] key "Files.MIPS" is not a valid file list
Warning: Section [DefaultInstall] key "AddReg" - there are no section entries to process
